<?xml version="1.0" encoding="UTF-8"?>
<!-- Generated by org.testng.reporters.JUnitReportReporter -->
<testsuite hostname="DESKTOP-0IHV38H" name="testcases.Verifylogin" tests="3" failures="0" timestamp="3 Sep 2020 12:09:48 GMT" time="5.448" errors="0">
  <testcase name="enterlogin" time="4.655" classname="testcases.Verifylogin"/>
  <testcase name="vlip" time="0.787" classname="testcases.Verifylogin"/>
  <testcase name="geturl" time="0.006" classname="testcases.Verifylogin"/>
</testsuite> <!-- testcases.Verifylogin -->
